<?xml version="1.0" encoding="UTF-8"?>
<!-- Generated by org.testng.reporters.JUnitXMLReporter -->
<testsuite hostname="MSTSYS0059" name="Test" tests="2" failures="1" timestamp="10 Dec 2018 07:54:01 GMT" time="64.718" errors="0">
  <testcase name="@AfterMethod checkTestAfterExecution" time="0.0" classname="gov.mst.automation.ica.testmodel.EmployersReportFormTest">
    <failure type="java.lang.NullPointerException">
      <![CDATA[java.lang.NullPointerException
	at gov.mst.automation.ica.report.Report.logScreenshot(Report.java:132)
	at gov.mst.automation.ica.report.Report.checkTestAfterExecution(Report.java:109)
	at gov.mst.automation.ica.baseclass.BaseTest.checkTestAfterExecution(BaseTest.java:54)
... Removed 26 stack frames]]>
    </failure>
  </testcase> <!-- @AfterMethod checkTestAfterExecution -->
  <testcase name="@AfterMethod checkTestAfterExecution" time="0.0" classname="gov.mst.automation.ica.testmodel.EmployersReportFormTest">
    <skipped/>
  </testcase> <!-- @AfterMethod checkTestAfterExecution -->
  <testcase name="@AfterClass closeBrowser" time="0.0" classname="gov.mst.automation.ica.testmodel.EmployersReportFormTest">
    <skipped/>
  </testcase> <!-- @AfterClass closeBrowser -->
  <testcase name="formfill" time="57.974" classname="gov.mst.automation.ica.testmodel.EmployersReportFormTest">
    <failure type="org.openqa.selenium.NoSuchElementException" message="no such element: Unable to locate element: {&amp;quot;method&amp;quot;:&amp;quot;xpath&amp;quot;,&amp;quot;selector&amp;quot;:&amp;quot;.//p[text()=&amp;apos; Thank you for your submission!&amp;apos;]&amp;quot;}
  (Session info: chrome=70.0.3538.110)
  (Driver info: chromedriver=2.43.600210 (68dcf5eebde37173d4027fa8635e332711d2874a),platform=Windows NT 10.0.17134 x86_64) (WARNING: The server did not provide any stacktrace information)
Command duration or timeout: 20.03 seconds
For documentation on this error, please visit: http://seleniumhq.org/exceptions/no_such_element.html
Build info: version: &amp;apos;2.53.1&amp;apos;, revision: &amp;apos;a36b8b1cd5757287168e54b817830adce9b0158d&amp;apos;, time: &amp;apos;2016-06-30 19:26:09&amp;apos;
System info: host: &amp;apos;MSTSYS0059&amp;apos;, ip: &amp;apos;10.10.100.98&amp;apos;, os.name: &amp;apos;Windows 10&amp;apos;, os.arch: &amp;apos;amd64&amp;apos;, os.version: &amp;apos;10.0&amp;apos;, java.version: &amp;apos;1.8.0_181&amp;apos;
Driver info: org.openqa.selenium.chrome.ChromeDriver
Capabilities [{mobileEmulationEnabled=false, hasTouchScreen=false, platform=XP, acceptSslCerts=false, goog:chromeOptions={debuggerAddress=localhost:53199}, acceptInsecureCerts=false, webStorageEnabled=true, browserName=chrome, takesScreenshot=true, javascriptEnabled=true, setWindowRect=true, unexpectedAlertBehaviour=, applicationCacheEnabled=false, rotatable=false, networkConnectionEnabled=false, chrome={chromedriverVersion=2.43.600210 (68dcf5eebde37173d4027fa8635e332711d2874a), userDataDir=C:\Users\MSTSYS~1\AppData\Local\Temp\scoped_dir12456_23012}, takesHeapSnapshot=true, pageLoadStrategy=normal, databaseEnabled=false, handlesAlerts=true, version=70.0.3538.110, browserConnectionEnabled=false, nativeEvents=true, locationContextEnabled=true, cssSelectorsEnabled=true}]
Session ID: a4b9f7402e67d7d16253cc77dfd4a30e
*** Element info: {Using=xpath, value=.//p[text()=&amp;apos; Thank you for your submission!&amp;apos;]}">
      <![CDATA[org.openqa.selenium.NoSuchElementException: no such element: Unable to locate element: {"method":"xpath","selector":".//p[text()=' Thank you for your submission!']"}
  (Session info: chrome=70.0.3538.110)
  (Driver info: chromedriver=2.43.600210 (68dcf5eebde37173d4027fa8635e332711d2874a),platform=Windows NT 10.0.17134 x86_64) (WARNING: The server did not provide any stacktrace information)
Command duration or timeout: 20.03 seconds
For documentation on this error, please visit: http://seleniumhq.org/exceptions/no_such_element.html
Build info: version: '2.53.1', revision: 'a36b8b1cd5757287168e54b817830adce9b0158d', time: '2016-06-30 19:26:09'
System info: host: 'MSTSYS0059', ip: '10.10.100.98', os.name: 'Windows 10', os.arch: 'amd64', os.version: '10.0', java.version: '1.8.0_181'
Driver info: org.openqa.selenium.chrome.ChromeDriver
Capabilities [{mobileEmulationEnabled=false, hasTouchScreen=false, platform=XP, acceptSslCerts=false, goog:chromeOptions={debuggerAddress=localhost:53199}, acceptInsecureCerts=false, webStorageEnabled=true, browserName=chrome, takesScreenshot=true, javascriptEnabled=true, setWindowRect=true, unexpectedAlertBehaviour=, applicationCacheEnabled=false, rotatable=false, networkConnectionEnabled=false, chrome={chromedriverVersion=2.43.600210 (68dcf5eebde37173d4027fa8635e332711d2874a), userDataDir=C:\Users\MSTSYS~1\AppData\Local\Temp\scoped_dir12456_23012}, takesHeapSnapshot=true, pageLoadStrategy=normal, databaseEnabled=false, handlesAlerts=true, version=70.0.3538.110, browserConnectionEnabled=false, nativeEvents=true, locationContextEnabled=true, cssSelectorsEnabled=true}]
Session ID: a4b9f7402e67d7d16253cc77dfd4a30e
*** Element info: {Using=xpath, value=.//p[text()=' Thank you for your submission!']}
	at org.openqa.selenium.remote.ErrorHandler.createThrowable(ErrorHandler.java:206)
	at org.openqa.selenium.remote.ErrorHandler.throwIfResponseFailed(ErrorHandler.java:158)
	at org.openqa.selenium.remote.RemoteWebDriver.execute(RemoteWebDriver.java:678)
	at org.openqa.selenium.remote.RemoteWebDriver.findElement(RemoteWebDriver.java:363)
	at org.openqa.selenium.remote.RemoteWebDriver.findElementByXPath(RemoteWebDriver.java:500)
	at org.openqa.selenium.By$ByXPath.findElement(By.java:361)
	at org.openqa.selenium.remote.RemoteWebDriver.findElement(RemoteWebDriver.java:355)
	at org.openqa.selenium.support.pagefactory.DefaultElementLocator.findElement(DefaultElementLocator.java:69)
	at org.openqa.selenium.support.pagefactory.internal.LocatingElementHandler.invoke(LocatingElementHandler.java:38)
	at com.sun.proxy.$Proxy12.getText(Unknown Source)
	at gov.mst.automation.ica.validationmodel.Validations.textValidation(Validations.java:36)
	at gov.mst.automation.ica.pagemodel.EmployersReportForm.thankYouValidation(EmployersReportForm.java:115)
	at gov.mst.automation.ica.testmodel.EmployersReportFormTest.formfill(EmployersReportFormTest.java:33)
... Removed 28 stack frames]]>
    </failure>
  </testcase> <!-- formfill -->
  <testcase name="formfill" time="0.004" classname="gov.mst.automation.ica.testmodel.EmployersReportFormTest">
    <skipped/>
  </testcase> <!-- formfill -->
</testsuite> <!-- Test -->
